             RFQ Accelerator 
        Frequency  351.9 MHz 
   N    LT     L0     BS     W      M      U      T      FS    rmi    rma
        mm      m           MeV            MV                   mm     mm
   1   2.78  0.003 0.0065 0.0200  1.000  0.060  0.000 -90.00  15.30  15.30
   2   2.78  0.006 0.0065 0.0200  1.000  0.060  0.000 -90.00   5.30   5.30
   3   2.78  0.008 0.0065 0.0200  1.000  0.060  0.000 -90.00   3.30   3.30
   4   2.78  0.011 0.0065 0.0200  1.000  0.060  0.000 -90.00   2.80   2.80
   5   2.78  0.014 0.0065 0.0200  1.000  0.060  0.000 -90.00   2.80   2.80
   6   2.78  0.017 0.0065 0.0200  1.000  0.060  0.000 -90.00   2.80   2.80
   7   2.78  0.019 0.0065 0.0200  1.000  0.060  0.000 -90.00   2.80   2.80
   8   2.78  0.022 0.0065 0.0200  1.000  0.060  0.000 -90.00   2.80   2.80
   9   2.78  0.025 0.0065 0.0200  1.001  0.060  0.000 -90.00   2.80   2.80
  10   2.78  0.028 0.0065 0.0200  1.001  0.060  0.000 -90.00   2.80   2.80
  11   2.78  0.031 0.0065 0.0200  1.002  0.060  0.000 -90.00   2.80   2.80
  12   2.78  0.033 0.0065 0.0200  1.002  0.060  0.000 -90.00   2.80   2.80
  13   2.78  0.036 0.0065 0.0200  1.003  0.060  0.000 -90.00   2.79   2.80
  14   2.78  0.039 0.0065 0.0200  1.004  0.060  0.001 -90.00   2.79   2.80
  15   2.78  0.042 0.0065 0.0200  1.004  0.060  0.001 -90.00   2.79   2.80
  16   2.78  0.045 0.0065 0.0200  1.005  0.060  0.001 -90.00   2.79   2.81
  17   2.78  0.047 0.0065 0.0200  1.006  0.060  0.001 -90.00   2.79   2.81
  18   2.78  0.050 0.0065 0.0200  1.008  0.060  0.001 -90.00   2.79   2.81
  19   2.78  0.053 0.0065 0.0200  1.009  0.060  0.001 -90.00   2.79   2.81
  20   2.78  0.056 0.0065 0.0200  1.010  0.060  0.001 -90.00   2.79   2.81
  21   2.78  0.058 0.0065 0.0200  1.011  0.060  0.002 -90.00   2.78   2.81
  22   2.78  0.061 0.0065 0.0200  1.013  0.060  0.002 -90.00   2.78   2.82
  23   2.78  0.064 0.0065 0.0200  1.014  0.060  0.002 -90.00   2.78   2.82
  24   2.78  0.067 0.0065 0.0200  1.016  0.060  0.002 -90.00   2.78   2.82
  25   2.78  0.070 0.0065 0.0200  1.018  0.060  0.003 -90.00   2.77   2.82
  26   2.78  0.072 0.0065 0.0200  1.020  0.060  0.003 -90.00   2.77   2.83
  27   2.78  0.075 0.0065 0.0200  1.022  0.060  0.003 -90.00   2.77   2.83
  28   2.78  0.078 0.0065 0.0200  1.024  0.060  0.003 -90.00   2.77   2.83
  29   2.78  0.081 0.0065 0.0200  1.026  0.060  0.004 -90.00   2.76   2.83
  30   2.78  0.083 0.0065 0.0200  1.028  0.060  0.004 -90.00   2.76   2.84
  31   2.78  0.086 0.0065 0.0200  1.030  0.060  0.004 -90.00   2.76   2.84
  32   2.78  0.089 0.0065 0.0200  1.032  0.060  0.004 -90.00   2.75   2.84
  33   2.78  0.092 0.0065 0.0200  1.035  0.060  0.005 -90.00   2.75   2.85
  34   2.78  0.095 0.0065 0.0200  1.037  0.060  0.005 -90.00   2.75   2.85
  35   2.78  0.097 0.0065 0.0199  1.040  0.060  0.006 -90.00   2.74   2.85
  36   2.78  0.100 0.0065 0.0199  1.043  0.060  0.006 -90.00   2.74   2.86
  37   2.78  0.103 0.0065 0.0199  1.046  0.060  0.006 -90.00   2.74   2.86
  38   2.78  0.106 0.0065 0.0199  1.048  0.060  0.007 -90.00   2.73   2.86
  39   2.78  0.108 0.0065 0.0199  1.051  0.060  0.007 -90.00   2.73   2.87
  40   2.78  0.111 0.0065 0.0199  1.054  0.060  0.007 -90.00   2.72   2.87
  41   2.78  0.114 0.0065 0.0199  1.058  0.060  0.008 -90.00   2.72   2.88
  42   2.78  0.117 0.0065 0.0199  1.061  0.060  0.008 -90.00   2.71   2.88
  43   2.78  0.120 0.0065 0.0199  1.064  0.060  0.009 -90.00   2.71   2.88
  44   2.78  0.122 0.0065 0.0199  1.068  0.060  0.009 -90.00   2.71   2.89
  45   2.80  0.125 0.0065 0.0199  1.071  0.060  0.010 -90.00   2.70   2.89
  46   2.80  0.128 0.0065 0.0199  1.075  0.060  0.010 -89.00   2.70   2.90
  47   2.80  0.131 0.0065 0.0199  1.078  0.060  0.011 -88.00   2.69   2.90
  48   2.80  0.134 0.0065 0.0199  1.082  0.060  0.011 -87.00   2.69   2.91
  49   2.80  0.136 0.0065 0.0200  1.086  0.060  0.012 -86.00   2.68   2.91
  50   2.81  0.139 0.0065 0.0200  1.090  0.060  0.012 -85.00   2.68   2.92
  51   2.81  0.142 0.0065 0.0201  1.094  0.060  0.013 -84.00   2.67   2.92
  52   2.82  0.145 0.0066 0.0202  1.098  0.060  0.014 -83.00   2.67   2.93
  53   2.83  0.148 0.0066 0.0203  1.102  0.060  0.014 -82.00   2.66   2.93
  54   2.84  0.151 0.0066 0.0204  1.107  0.060  0.015 -81.00   2.65   2.94
  55   2.85  0.153 0.0066 0.0205  1.111  0.060  0.016 -80.00   2.65   2.94
  56   2.86  0.156 0.0066 0.0207  1.116  0.060  0.016 -79.00   2.64   2.95
  57   2.88  0.159 0.0067 0.0209  1.120  0.060  0.017 -78.00   2.64   2.95
  58   2.90  0.162 0.0067 0.0211  1.125  0.060  0.018 -77.00   2.63   2.96
  59   2.91  0.165 0.0068 0.0214  1.130  0.060  0.019 -76.00   2.62   2.96
  60   2.94  0.168 0.0068 0.0217  1.134  0.060  0.020 -75.00   2.62   2.97
  61   2.96  0.171 0.0068 0.0220  1.139  0.060  0.021 -74.00   2.61   2.97
  62   2.98  0.174 0.0069 0.0224  1.144  0.060  0.022 -73.00   2.61   2.98
  63   3.01  0.177 0.0070 0.0228  1.150  0.060  0.024 -72.00   2.60   2.99
  64   3.05  0.180 0.0070 0.0232  1.155  0.060  0.025 -71.00   2.59   2.99
  65   3.08  0.183 0.0071 0.0237  1.160  0.060  0.026 -70.00   2.58   3.00
  66   3.12  0.186 0.0072 0.0243  1.165  0.060  0.028 -69.00   2.58   3.00
  67   3.16  0.189 0.0073 0.0249  1.171  0.060  0.029 -68.00   2.57   3.01
  68   3.21  0.192 0.0074 0.0256  1.176  0.060  0.031 -67.00   2.56   3.02
  69   3.26  0.196 0.0075 0.0264  1.182  0.060  0.033 -66.00   2.56   3.02
  70   3.31  0.199 0.0076 0.0273  1.188  0.060  0.035 -65.00   2.55   3.03
  71   3.37  0.202 0.0078 0.0282  1.194  0.060  0.038 -64.00   2.54   3.03
  72   3.44  0.206 0.0079 0.0293  1.200  0.060  0.040 -63.00   2.53   3.04
  73   3.51  0.209 0.0081 0.0304  1.206  0.060  0.043 -62.00   2.53   3.05
  74   3.58  0.213 0.0082 0.0317  1.212  0.060  0.046 -61.00   2.52   3.05
  75   3.67  0.217 0.0084 0.0332  1.218  0.060  0.049 -60.00   2.51   3.06
  76   3.75  0.220 0.0086 0.0347  1.224  0.060  0.052 -59.00   2.50   3.07
  77   3.85  0.224 0.0088 0.0365  1.230  0.060  0.056 -58.00   2.50   3.07
  78   3.95  0.228 0.0090 0.0384  1.237  0.060  0.060 -57.00   2.49   3.08
  79   4.06  0.232 0.0093 0.0405  1.243  0.060  0.064 -56.00   2.48   3.08
  80   4.17  0.236 0.0095 0.0427  1.250  0.060  0.069 -55.00   2.47   3.09
  81   4.30  0.241 0.0098 0.0453  1.257  0.060  0.073 -54.00   2.46   3.10
  82   4.43  0.245 0.0101 0.0480  1.264  0.060  0.078 -53.00   2.46   3.10
  83   4.57  0.250 0.0104 0.0510  1.270  0.060  0.083 -52.00   2.45   3.11
  84   4.71  0.254 0.0108 0.0543  1.277  0.060  0.089 -51.00   2.44   3.12
  85   4.85  0.259 0.0111 0.0579  1.284  0.060  0.095 -50.00   2.43   3.12
  86   5.00  0.264 0.0115 0.0617  1.292  0.060  0.100 -49.71   2.42   3.13
  87   5.17  0.269 0.0118 0.0658  1.299  0.060  0.106 -49.43   2.41   3.14
  88   5.33  0.275 0.0122 0.0701  1.306  0.060  0.112 -49.14   2.41   3.14
  89   5.50  0.280 0.0126 0.0748  1.314  0.060  0.119 -48.86   2.40   3.15
  90   5.68  0.286 0.0130 0.0796  1.321  0.060  0.125 -48.57   2.39   3.16
  91   5.86  0.292 0.0134 0.0848  1.329  0.060  0.131 -48.29   2.38   3.16
  92   6.04  0.298 0.0139 0.0903  1.336  0.060  0.137 -48.00   2.37   3.17
  93   6.23  0.304 0.0143 0.0960  1.344  0.060  0.144 -47.71   2.36   3.18
  94   6.42  0.310 0.0147 0.1020  1.352  0.060  0.150 -47.43   2.35   3.18
  95   6.61  0.317 0.0152 0.1083  1.360  0.060  0.157 -47.14   2.34   3.19
  96   6.81  0.324 0.0157 0.1149  1.368  0.060  0.163 -46.86   2.34   3.20
  97   7.01  0.331 0.0161 0.1218  1.376  0.060  0.170 -46.57   2.33   3.20
  98   7.21  0.338 0.0166 0.1290  1.384  0.060  0.176 -46.29   2.32   3.21
  99   7.41  0.345 0.0171 0.1365  1.393  0.060  0.182 -46.00   2.31   3.22
 100   7.62  0.353 0.0175 0.1443  1.401  0.060  0.189 -45.71   2.30   3.22
 101   7.83  0.361 0.0180 0.1524  1.410  0.060  0.195 -45.43   2.29   3.23
 102   8.04  0.369 0.0185 0.1608  1.418  0.060  0.201 -45.14   2.28   3.23
 103   8.25  0.377 0.0190 0.1695  1.427  0.060  0.207 -44.86   2.27   3.24
 104   8.46  0.386 0.0195 0.1785  1.436  0.060  0.213 -44.57   2.26   3.25
 105   8.68  0.394 0.0200 0.1878  1.444  0.060  0.219 -44.29   2.25   3.25
 106   8.89  0.403 0.0205 0.1974  1.453  0.060  0.225 -44.00   2.24   3.26
 107   9.11  0.412 0.0210 0.2073  1.462  0.060  0.231 -43.71   2.23   3.27
 108   9.33  0.422 0.0215 0.2175  1.472  0.060  0.237 -43.43   2.22   3.27
 109   9.55  0.431 0.0220 0.2280  1.481  0.060  0.243 -43.14   2.22   3.28
 110   9.77  0.441 0.0226 0.2388  1.490  0.060  0.248 -42.86   2.21   3.29
 111   9.99  0.451 0.0231 0.2499  1.499  0.060  0.254 -42.57   2.20   3.29
 112  10.21  0.461 0.0236 0.2613  1.509  0.060  0.259 -42.29   2.19   3.30
 113  10.43  0.472 0.0241 0.2729  1.518  0.060  0.265 -42.00   2.18   3.31
 114  10.66  0.482 0.0246 0.2849  1.528  0.060  0.270 -41.71   2.17   3.31
 115  10.88  0.493 0.0252 0.2972  1.538  0.060  0.276 -41.43   2.16   3.32
 116  11.11  0.504 0.0257 0.3098  1.548  0.060  0.281 -41.14   2.15   3.32
 117  11.33  0.516 0.0262 0.3226  1.558  0.060  0.287 -40.86   2.14   3.33
 118  11.56  0.527 0.0268 0.3358  1.568  0.060  0.292 -40.57   2.13   3.34
 119  11.79  0.539 0.0273 0.3492  1.578  0.060  0.297 -40.29   2.12   3.34
 120  12.01  0.551 0.0278 0.3630  1.588  0.060  0.302 -40.00   2.11   3.35
 121  12.24  0.563 0.0283 0.3770  1.598  0.060  0.307 -39.71   2.10   3.36
 122  12.47  0.576 0.0289 0.3913  1.608  0.060  0.312 -39.43   2.09   3.36
 123  12.69  0.588 0.0294 0.4059  1.619  0.060  0.317 -39.14   2.08   3.37
 124  12.92  0.601 0.0300 0.4208  1.629  0.060  0.322 -38.86   2.07   3.37
 125  13.15  0.614 0.0305 0.4360  1.640  0.060  0.327 -38.57   2.06   3.38
 126  13.38  0.628 0.0310 0.4515  1.651  0.060  0.332 -38.29   2.05   3.39
 127  13.61  0.641 0.0316 0.4672  1.662  0.060  0.337 -38.00   2.04   3.39
 128  13.84  0.655 0.0321 0.4833  1.672  0.060  0.341 -37.71   2.03   3.40
 129  14.07  0.669 0.0326 0.4996  1.683  0.060  0.346 -37.43   2.02   3.40
 130  14.30  0.684 0.0332 0.5162  1.694  0.060  0.351 -37.14   2.01   3.41
 131  14.53  0.698 0.0337 0.5331  1.706  0.060  0.356 -36.86   2.00   3.41
 132  14.76  0.713 0.0343 0.5503  1.717  0.060  0.360 -36.57   1.99   3.42
 133  14.99  0.728 0.0348 0.5678  1.728  0.060  0.365 -36.29   1.98   3.43
 134  15.22  0.743 0.0353 0.5856  1.740  0.060  0.369 -36.00   1.97   3.43
 135  15.45  0.759 0.0359 0.6036  1.751  0.060  0.374 -35.71   1.96   3.44
 136  15.68  0.774 0.0364 0.6219  1.763  0.060  0.378 -35.43   1.95   3.44
 137  15.91  0.790 0.0370 0.6405  1.774  0.060  0.382 -35.14   1.94   3.45
 138  16.14  0.806 0.0375 0.6594  1.786  0.060  0.387 -34.86   1.93   3.45
 139  16.37  0.823 0.0380 0.6785  1.798  0.060  0.391 -34.57   1.92   3.46
 140  16.60  0.839 0.0386 0.6980  1.810  0.060  0.395 -34.29   1.91   3.46
 141  16.83  0.856 0.0391 0.7177  1.822  0.060  0.400 -34.00   1.90   3.47
 142  17.06  0.873 0.0397 0.7376  1.834  0.060  0.404 -33.71   1.89   3.48
 143  17.29  0.890 0.0402 0.7579  1.846  0.060  0.408 -33.43   1.89   3.48
 144  17.52  0.908 0.0407 0.7784  1.859  0.060  0.412 -33.14   1.88   3.49
 145  17.75  0.926 0.0413 0.7992  1.871  0.060  0.416 -32.86   1.87   3.49
 146  17.98  0.944 0.0418 0.8203  1.884  0.060  0.420 -32.57   1.86   3.50
 147  18.21  0.962 0.0424 0.8416  1.896  0.060  0.424 -32.29   1.85   3.50
 148  18.44  0.980 0.0429 0.8632  1.909  0.060  0.428 -32.00   1.84   3.51
 149  18.67  0.999 0.0434 0.8851  1.922  0.060  0.432 -31.71   1.83   3.51
 150  18.90  1.018 0.0440 0.9072  1.934  0.060  0.436 -31.43   1.82   3.52
 151  19.13  1.037 0.0445 0.9296  1.947  0.060  0.440 -31.14   1.81   3.52
 152  19.36  1.056 0.0451 0.9523  1.960  0.060  0.444 -30.86   1.80   3.53
 153  19.59  1.076 0.0456 0.9752  1.974  0.060  0.448 -30.57   1.79   3.53
 154  19.82  1.096 0.0461 0.9984  1.987  0.060  0.451 -30.29   1.78   3.54
 155  20.02  1.116 0.0467 1.0218  2.000  0.060  0.455 -30.00   1.77   3.54
 156  20.24  1.136 0.0472 1.0454  2.000  0.060  0.455 -30.00   1.77   3.54
 157  20.47  1.157 0.0477 1.0690  2.000  0.060  0.456 -30.00   1.77   3.54
 158  20.69  1.177 0.0483 1.0926  2.000  0.060  0.456 -30.00   1.77   3.54
 159  20.91  1.198 0.0488 1.1162  2.000  0.060  0.456 -30.00   1.77   3.54
 160  21.13  1.219 0.0493 1.1399  2.000  0.060  0.457 -30.00   1.77   3.54
 161  21.34  1.241 0.0498 1.1635  2.000  0.060  0.457 -30.00   1.77   3.54
 162  21.56  1.262 0.0503 1.1872  2.000  0.060  0.457 -30.00   1.77   3.54
 163  21.77  1.284 0.0508 1.2108  2.000  0.060  0.458 -30.00   1.77   3.54
 164  21.98  1.306 0.0513 1.2345  2.000  0.060  0.458 -30.00   1.77   3.54
 165  22.18  1.328 0.0518 1.2582  2.000  0.060  0.458 -30.00   1.77   3.54
 166  22.39  1.350 0.0523 1.2819  2.000  0.060  0.458 -30.00   1.77   3.54
 167  22.59  1.373 0.0528 1.3056  2.000  0.060  0.459 -30.00   1.77   3.54
 168  22.80  1.396 0.0532 1.3293  2.000  0.060  0.459 -30.00   1.77   3.54
 169  23.00  1.419 0.0537 1.3531  2.000  0.060  0.459 -30.00   1.77   3.54
 170  23.20  1.442 0.0542 1.3768  2.000  0.060  0.459 -30.00   1.77   3.54
 171  23.39  1.465 0.0546 1.4006  2.000  0.060  0.459 -30.00   1.77   3.54
 172  23.59  1.489 0.0551 1.4243  2.000  0.060  0.460 -30.00   1.77   3.54
 173  23.78  1.513 0.0556 1.4481  2.000  0.060  0.460 -30.00   1.77   3.54
 174  23.98  1.537 0.0560 1.4719  2.000  0.060  0.460 -30.00   1.77   3.54
 175  24.17  1.561 0.0565 1.4956  2.000  0.060  0.460 -30.00   1.77   3.54
 176  24.17  1.585 0.0569 1.5194  2.000  0.060  0.460 -30.00   1.77   3.54
 Input Current       1.0 mA 
 Input Emittance    0.10 cm*mrad 
       Optimal Envelope Coordinates
   DFI      X       X^      Y       Y^      R       R^
            mm     mrad     mm     mrad     mm     mrad
    0.0   1.39   -70.83   1.34   -72.32   1.37   -71.35
   36.0   1.40   -70.00   1.34   -72.93   1.37   -72.08
   72.0   1.39   -70.00   1.34   -72.54   1.37   -72.08
  108.0   1.38   -70.00   1.34   -72.26   1.37   -71.17
  144.0   1.38   -70.14   1.34   -72.16   1.37   -71.17
  180.0   1.37   -69.72   1.34   -71.97   1.37   -71.17
  216.0   1.37   -69.72   1.34   -71.97   1.37   -71.17
  252.0   1.36   -69.45   1.35   -71.87   1.37   -71.17
  288.0   1.36   -69.45   1.36   -71.68   1.37   -71.17
  324.0   1.36   -69.45   1.36   -71.49   1.37   -71.17
  360.0   1.36   -69.45   1.36   -71.68   1.37   -71.17
    
        Output Beam Parameters 
     Output Current   1.000 mA 
     -18.4 < Fi - Fis <    17.5
      -1.0 %  < dP/P <     1.3 % 
                  Sinchronous Crossection 
       Envelope                             Twiss Parameters 
  X  =    1.34 mm                           Bx =    0.10 m/rad 
  X^ =   13.13 mrad                         Ax =    1.00
  Y  =    1.01 mm                           By =    0.06 m/rad 
  Y^ =  -11.45 mrad                         Ay =   -0.66
                  Total Phase Length 
       Envelope                             Twiss Parameters 
  X  =    1.47 mm                           Bx =    0.10 m/rad 
  X^ =   13.14 mrad                         Ax =    0.88
  Y  =    1.11 mm                           By =    0.06 m/rad 
  Y^ =  -10.97 mrad                         Ay=    -0.58
       Effective Emittance 
  Ex =    0.13 cm*mrad        Ey =    0.12 mm*mrad 
