RHO 0.25
linac 1 0.020000 352.200000 1.007276 1.0
trancell
{ } Tank 1 Length= ll cm, 199 cells
Cell   cl      tl     curlt   curll
  0  60.0  0.02000  0.00653 0.00000  0.00000  -90.00000  1.53000  1.00000  1.53000  1.36170    0.19793  0.27788  0.27788  0.00000  0.00000
  1  60.0  0.02000  0.00653 0.00000  0.00000  -90.00000  0.53000  1.00000  0.53000  0.47170    1.64943  0.27788  0.55576  31.20584  0.00000
  2  60.0  0.02000  0.00653 0.00000  0.00000  -90.00000  0.33000  1.00000  0.33000  0.29370    4.25458  0.27788  0.83365  48.52900  0.00000
  3  60.0  0.02000  0.00653 0.00000  0.00000  -90.00000  0.32857  1.00000  0.32857  0.29243    4.29167  0.27788  1.11153  48.81354  0.00000
  4  60.0  0.02000  0.00653 0.00000  0.00000  -90.00000  0.32714  1.00000  0.32714  0.29116    4.32922  0.27788  1.38941  49.10179  0.00000
  5  60.0  0.02000  0.00653 0.00000  0.00000  -90.00000  0.32571  1.00000  0.32571  0.28989    4.36729  0.27788  1.66729  49.39423  0.00000
  6  60.0  0.02000  0.00653 0.00000  0.00000  -90.00000  0.32429  1.00000  0.32429  0.28861    4.40584  0.27788  1.94517  49.69050  0.00000
  7  60.0  0.02000  0.00653 0.00000  0.00000  -90.00000  0.32286  1.00000  0.32286  0.28734    4.44493  0.27788  2.22305  49.99110  0.00000
  8  60.0  0.02000  0.00653 0.00000  0.00000  -90.00000  0.32143  1.00000  0.32143  0.28607    4.48451  0.27788  2.50094  50.29566  0.00000
  9  60.0  0.02000  0.00653 0.00000  0.00000  -90.00000  0.32000  1.00000  0.32000  0.28480    4.52465  0.27788  2.77882  50.60469  0.00000
 10  60.0  0.02000  0.00653 0.00000  0.00000  -90.00000  0.31857  1.00000  0.31857  0.28353    4.56533  0.27788  3.05670  50.91804  0.00000
 11  60.0  0.02000  0.00653 0.00000  0.00000  -90.00000  0.31714  1.00000  0.31714  0.28226    4.60654  0.27788  3.33458  51.23556  0.00000
 12  60.0  0.02000  0.00653 0.00000  0.00000  -90.00000  0.31571  1.00000  0.31571  0.28099    4.64833  0.27788  3.61246  51.55778  0.00000
 13  60.0  0.02000  0.00653 0.00000  0.00000  -90.00000  0.31429  1.00000  0.31429  0.27971    4.69067  0.27788  3.89034  51.88431  0.00000
 14  60.0  0.02000  0.00653 0.00000  0.00000  -90.00000  0.31286  1.00000  0.31286  0.27844    4.73362  0.27788  4.16823  52.21570  0.00000
 15  60.0  0.02000  0.00653 0.00000  0.00000  -90.00000  0.31143  1.00000  0.31143  0.27717    4.77713  0.27788  4.44611  52.55155  0.00000
 16  60.0  0.02000  0.00653 0.00000  0.00000  -90.00000  0.31000  1.00000  0.31000  0.27590    4.82127  0.27788  4.72399  52.89242  0.00000
 17  60.0  0.02000  0.00653 0.00000  0.00000  -90.00000  0.30857  1.00000  0.30857  0.27463    4.86603  0.27788  5.00187  53.23816  0.00000
 18  60.0  0.02000  0.00653 0.00000  0.00000  -90.00000  0.30714  1.00000  0.30714  0.27336    4.91138  0.27788  5.27975  53.58861  0.00000
 19  60.0  0.02000  0.00653 0.00000  0.00000  -90.00000  0.30571  1.00000  0.30571  0.27209    4.95740  0.27788  5.55763  53.94435  0.00000
 20  60.0  0.02000  0.00653 0.00000  0.00000  -90.00000  0.30429  1.00000  0.30429  0.27081    5.00404  0.27788  5.83552  54.30497  0.00000
 21  60.0  0.02000  0.00653 0.00000  0.00000  -90.00000  0.30286  1.00000  0.30286  0.26954    5.05138  0.27788  6.11340  54.67106  0.00000
 22  60.0  0.02000  0.00653 0.00000  0.00000  -90.00000  0.30143  1.00000  0.30143  0.26827    5.09935  0.27788  6.39128  55.04220  0.00000
 23  60.0  0.02000  0.00653 0.00000  0.00000  -90.00000  0.30000  1.00000  0.30000  0.26700    5.14805  0.27788  6.66916  55.41902  0.00000
 24  60.0  0.02000  0.00653 0.00000  0.00000  -90.00000  0.29857  1.00000  0.29857  0.26573    5.19744  0.27788  6.94704  55.80135  0.00000
 25  60.0  0.02000  0.00653 0.00000  0.00000  -90.00000  0.29714  1.00000  0.29714  0.26446    5.24752  0.27788  7.22492  56.18902  0.00000
 26  60.0  0.02000  0.00653 0.00000  0.00000  -90.00000  0.29571  1.00000  0.29571  0.26319    5.29836  0.27788  7.50281  56.58267  0.00000
 27  60.0  0.02000  0.00653 0.00000  0.00000  -90.00000  0.29429  1.00000  0.29429  0.26191    5.34990  0.27788  7.78069  56.98186  0.00000
 28  60.0  0.02000  0.00653 0.00000  0.00000  -90.00000  0.29286  1.00000  0.29286  0.26064    5.40224  0.27788  8.05857  57.38727  0.00000
 29  60.0  0.02000  0.00653 0.00000  0.00000  -90.00000  0.29143  1.00000  0.29143  0.25937    5.45531  0.27788  8.33645  57.79842  0.00000
 30  60.0  0.02000  0.00653 0.00000  0.00000  -90.00000  0.29000  1.00000  0.29000  0.25810    5.50921  0.27788  8.61433  58.21601  0.00000
 31  60.0  0.02000  0.00653 0.02361  0.00109  -87.95000  0.28895  1.00672  0.28992  0.25802    5.51219  0.27788  8.89221  58.84029  3.36792
 32  60.0  0.02001  0.00653 0.04711  0.00218  -85.90000  0.28790  1.01345  0.28984  0.25793    5.51545  0.27789  9.17011  59.44855  6.25880
 33  60.0  0.02003  0.00653 0.07051  0.00327  -83.85000  0.28685  1.02017  0.28974  0.25781    5.51898  0.27795  9.44805  60.04258  8.71222
 34  60.0  0.02005  0.00653 0.09386  0.00435  -81.80000  0.28580  1.02690  0.28964  0.25768    5.52278  0.27806  9.72611  60.62474  10.76788
 35  60.0  0.02010  0.00654 0.11720  0.00544  -79.75000  0.28475  1.03362  0.28954  0.25753    5.52685  0.27826 10.00438  61.19784  12.46476
 36  60.0  0.02017  0.00655 0.14061  0.00653  -77.70000  0.28370  1.04034  0.28942  0.25736    5.53120  0.27858 10.28296  61.76508  13.84041
 37  60.0  0.02026  0.00656 0.16415  0.00763  -75.65000  0.28265  1.04707  0.28930  0.25718    5.53583  0.27903 10.56199  62.32998  14.93044
 38  60.0  0.02037  0.00657 0.18793  0.00876  -73.60000  0.28160  1.05379  0.28917  0.25698    5.54073  0.27965 10.84164  62.89631  15.76814
 39  60.0  0.02052  0.00659 0.21203  0.00991  -71.55000  0.28055  1.06052  0.28904  0.25676    5.54591  0.28045 11.12209  63.46803  16.38420
 40  60.0  0.02070  0.00661 0.23657  0.01110  -69.50000  0.27950  1.06724  0.28890  0.25653    5.55136  0.28147 11.40356  64.04923  16.80659
 41  60.0  0.02090  0.00664 0.25094  0.01182  -69.00000  0.27900  1.07092  0.28889  0.25647    5.55150  0.28272 11.68628  64.55564  17.52256
 42  60.0  0.02112  0.00667 0.26560  0.01258  -68.50000  0.27850  1.07460  0.28889  0.25640    5.55170  0.28408 11.97036  65.06506  18.23323
 43  60.0  0.02136  0.00671 0.28059  0.01335  -68.00000  0.27800  1.07828  0.28888  0.25634    5.55197  0.28555 12.25591  65.57753  18.94070
 44  60.0  0.02161  0.00675 0.29593  0.01416  -67.50000  0.27750  1.08196  0.28887  0.25626    5.55232  0.28714 12.54306  66.09311  19.64704
 45  60.0  0.02189  0.00679 0.31166  0.01500  -67.00000  0.27700  1.08564  0.28886  0.25619    5.55273  0.28885 12.83191  66.61179  20.35429
 46  60.0  0.02219  0.00683 0.32778  0.01588  -66.50000  0.27650  1.08932  0.28885  0.25611    5.55322  0.29069 13.12261  67.13355  21.06442
 47  60.0  0.02251  0.00688 0.34435  0.01680  -66.00000  0.27600  1.09300  0.28883  0.25603    5.55378  0.29267 13.41527  67.65831  21.77934
 48  60.0  0.02285  0.00693 0.36137  0.01775  -65.50000  0.27550  1.09668  0.28882  0.25595    5.55440  0.29479 13.71006  68.18598  22.50090
 49  60.0  0.02323  0.00698 0.37889  0.01876  -65.00000  0.27500  1.10036  0.28880  0.25587    5.55510  0.29705 14.00711  68.71641  23.23091
 50  60.0  0.02363  0.00704 0.39692  0.01981  -64.50000  0.27450  1.10404  0.28878  0.25579    5.55587  0.29947 14.30658  69.24941  23.97107
 51  60.0  0.02406  0.00710 0.41804  0.02104  -64.00000  0.27400  1.10852  0.28887  0.25578    5.55250  0.30205 14.60862  69.87701  24.88412
 52  60.0  0.02453  0.00716 0.43979  0.02234  -63.50000  0.27350  1.11300  0.28895  0.25577    5.54921  0.30481 14.91343  70.50743  25.81177
 53  60.0  0.02504  0.00723 0.46220  0.02371  -63.00000  0.27300  1.11748  0.28904  0.25576    5.54602  0.30777 15.22121  71.14035  26.75628
 54  60.0  0.02559  0.00731 0.48530  0.02515  -62.50000  0.27250  1.12196  0.28912  0.25575    5.54291  0.31094 15.53214  71.77537  27.71975
 55  60.0  0.02618  0.00739 0.50912  0.02667  -62.00000  0.27200  1.12644  0.28920  0.25574    5.53989  0.31432 15.84646  72.41201  28.70411
 56  60.0  0.02681  0.00747 0.53368  0.02828  -61.50000  0.27150  1.13092  0.28927  0.25573    5.53696  0.31792 16.16438  73.04968  29.71109
 57  60.0  0.02750  0.00756 0.55900  0.02998  -61.00000  0.27100  1.13540  0.28935  0.25572    5.53411  0.32176 16.48614  73.68772  30.74218
 58  60.0  0.02824  0.00766 0.58509  0.03177  -60.50000  0.27050  1.13988  0.28942  0.25571    5.53136  0.32584 16.81198  74.32536  31.79859
 59  60.0  0.02903  0.00776 0.61196  0.03368  -60.00000  0.27000  1.14436  0.28949  0.25570    5.52869  0.33018 17.14216  74.96173  32.88122
 60  60.0  0.02988  0.00787 0.63961  0.03569  -59.50000  0.26950  1.14884  0.28956  0.25569    5.52611  0.33479 17.47694  75.59583  33.99063
 61  60.0  0.03081  0.00798 0.67078  0.03797  -59.00000  0.26900  1.15412  0.28973  0.25576    5.51951  0.33967 17.81662  76.31660  35.28388
 62  60.0  0.03180  0.00810 0.70280  0.04040  -58.50000  0.26850  1.15940  0.28990  0.25583    5.51303  0.34487 18.16149  77.03325  36.60908
 63  60.0  0.03287  0.00823 0.73565  0.04296  -58.00000  0.26800  1.16468  0.29007  0.25591    5.50666  0.35039 18.51188  77.74430  37.96614
 64  60.0  0.03403  0.00837 0.76930  0.04568  -57.50000  0.26750  1.16996  0.29023  0.25599    5.50040  0.35625 18.86813  78.44813  39.35431
 65  60.0  0.03528  0.00852 0.80370  0.04855  -57.00000  0.26700  1.17524  0.29039  0.25607    5.49425  0.36247 19.23060  79.14296  40.77220
 66  60.0  0.03662  0.00867 0.83879  0.05159  -56.50000  0.26650  1.18052  0.29055  0.25616    5.48821  0.36904 19.59964  79.82693  42.21763
 67  60.0  0.03806  0.00883 0.87450  0.05480  -56.00000  0.26600  1.18580  0.29071  0.25625    5.48228  0.37600 19.97564  80.49802  43.68767
 68  60.0  0.03961  0.00901 0.91073  0.05819  -55.50000  0.26550  1.19108  0.29087  0.25635    5.47646  0.38334 20.35898  81.15416  45.17856
 69  60.0  0.04128  0.00919 0.94737  0.06175  -55.00000  0.26500  1.19636  0.29102  0.25645    5.47074  0.39108 20.75006  81.79322  46.68569
 70  60.0  0.04308  0.00938 0.98431  0.06549  -54.50000  0.26450  1.20164  0.29117  0.25656    5.46514  0.39923 21.14929  82.41304  48.20363
 71  60.0  0.04500  0.00958 1.02441  0.06963  -54.00000  0.26400  1.20772  0.29142  0.25675    5.45568  0.40781 21.55710  83.09457  49.89054
 72  60.0  0.04708  0.00979 1.06462  0.07396  -53.50000  0.26350  1.21380  0.29167  0.25694    5.44637  0.41684 21.97393  83.75139  51.58211
 73  60.0  0.04930  0.01002 1.10477  0.07850  -53.00000  0.26300  1.21988  0.29191  0.25715    5.43719  0.42633 22.40026  84.38110  53.27047
 74  60.0  0.05169  0.01025 1.14468  0.08324  -52.50000  0.26250  1.22596  0.29216  0.25736    5.42815  0.43629 22.83655  84.98142  54.94695
 75  60.0  0.05425  0.01050 1.18418  0.08817  -52.00000  0.26200  1.23204  0.29240  0.25758    5.41924  0.44673 23.28328  85.55026  56.60218
 76  60.0  0.05699  0.01075 1.22307  0.09329  -51.50000  0.26150  1.23812  0.29263  0.25780    5.41047  0.45765 23.74093  86.08574  58.22626
 77  60.0  0.05991  0.01102 1.26118  0.09859  -51.00000  0.26100  1.24420  0.29287  0.25803    5.40183  0.46905 24.20997  86.58628  59.80892
 78  60.0  0.06303  0.01130 1.29832  0.10407  -50.50000  0.26050  1.25028  0.29310  0.25827    5.39332  0.48093 24.69090  87.05057  61.33973
 79  60.0  0.06635  0.01159 1.33433  0.10970  -50.00000  0.26000  1.25636  0.29333  0.25852    5.38495  0.49329 25.18419  87.47765  62.80828
 80  60.0  0.06989  0.01189 1.36905  0.11548  -49.50000  0.25950  1.26244  0.29355  0.25877    5.37670  0.50612 25.69032  87.86691  64.20441
 81  60.0  0.07372  0.01220 1.42256  0.12315  -48.68500  0.25627  1.26932  0.29078  0.25645    5.47972  0.51943 26.20975  88.32636  64.52589
 82  60.0  0.07786  0.01253 1.47416  0.13107  -47.87000  0.25304  1.27620  0.28798  0.25411    5.58658  0.53347 26.74322  88.75252  64.65600
 83  60.0  0.08233  0.01288 1.52345  0.13921  -47.05500  0.24981  1.28308  0.28517  0.25177    5.69748  0.54826 27.29148  89.15422  64.58373
 84  60.0  0.08714  0.01325 1.57006  0.14753  -46.24000  0.24658  1.28996  0.28233  0.24942    5.81264  0.56377 27.85526  89.54124  64.30128
 85  60.0  0.09230  0.01363 1.61368  0.15599  -45.42500  0.24335  1.29684  0.27947  0.24705    5.93227  0.58000 28.43526  89.92409  63.80445
 86  60.0  0.09782  0.01403 1.65405  0.16456  -44.61000  0.24012  1.30372  0.27658  0.24467    6.05660  0.59692 29.03218  90.31369  63.09282
 87  60.0  0.10371  0.01444 1.69101  0.17319  -43.79500  0.23689  1.31060  0.27368  0.24228    6.18589  0.61451 29.64669  90.72103  62.16978
 88  60.0  0.10998  0.01487 1.72443  0.18185  -42.98000  0.23366  1.31748  0.27075  0.23987    6.32040  0.63274 30.27943  91.15684  61.04241
 89  60.0  0.11663  0.01531 1.75429  0.19051  -42.16500  0.23043  1.32436  0.26780  0.23744    6.46041  0.65158 30.93101  91.63135  59.72113
 90  60.0  0.12368  0.01577 1.78058  0.19913  -41.35000  0.22720  1.33124  0.26483  0.23499    6.60624  0.67100 31.60201  92.15401  58.21928
 91  60.0  0.13101  0.01624 1.79523  0.20674  -41.20000  0.22640  1.33892  0.26477  0.23507    6.60939  0.69096 32.29297  93.09743  59.77485
 92  60.0  0.13862  0.01671 1.80778  0.21426  -41.05000  0.22560  1.34660  0.26470  0.23514    6.61285  0.71114 33.00412  94.04933  61.26016
 93  60.0  0.14652  0.01719 1.81839  0.22169  -40.90000  0.22480  1.35428  0.26462  0.23521    6.61662  0.73151 33.73563  95.00922  62.67452
 94  60.0  0.15470  0.01767 1.82721  0.22903  -40.75000  0.22400  1.36196  0.26454  0.23527    6.62070  0.75205 34.48768  95.97657  64.01773
 95  60.0  0.16315  0.01816 1.83441  0.23626  -40.60000  0.22320  1.36964  0.26445  0.23533    6.62509  0.77275 35.26043  96.95087  65.29009
 96  60.0  0.17188  0.01865 1.84012  0.24338  -40.45000  0.22240  1.37732  0.26436  0.23538    6.62980  0.79357 36.05400  97.93164  66.49225
 97  60.0  0.18088  0.01914 1.84449  0.25039  -40.30000  0.22160  1.38500  0.26426  0.23543    6.63481  0.81452 36.86852  98.91839  67.62520
 98  60.0  0.19014  0.01963 1.84763  0.25730  -40.15000  0.22080  1.39268  0.26415  0.23548    6.64015  0.83556 37.70408  99.91064  68.69015
 99  60.0  0.19968  0.02013 1.84968  0.26410  -40.00000  0.22000  1.40036  0.26404  0.23552    6.64579  0.85669 38.56077  100.90793  69.68851
100  60.0  0.20947  0.02063 1.85073  0.27079  -39.85000  0.21920  1.40804  0.26392  0.23556    6.65176  0.87790 39.43868  101.90981  70.62183
101  60.0  0.21955  0.02113 1.85354  0.27778  -39.70000  0.21840  1.41652  0.26388  0.23566    6.65364  0.89917 40.33785  102.90916  71.61769
102  60.0  0.22989  0.02163 1.85539  0.28466  -39.55000  0.21760  1.42500  0.26384  0.23577    6.65585  0.92053 41.25838  103.90979  72.55097
103  60.0  0.24050  0.02213 1.85638  0.29144  -39.40000  0.21680  1.43348  0.26379  0.23587    6.65842  0.94196 42.20034  104.91142  73.42304
104  60.0  0.25138  0.02264 1.85658  0.29812  -39.25000  0.21600  1.44196  0.26373  0.23596    6.66132  0.96344 43.16378  105.91378  74.23534
105  60.0  0.26252  0.02314 1.85607  0.30470  -39.10000  0.21520  1.45044  0.26367  0.23605    6.66457  0.98499 44.14877  106.91661  74.98935
106  60.0  0.27393  0.02365 1.85491  0.31118  -38.95000  0.21440  1.45892  0.26360  0.23613    6.66817  1.00657 45.15534  107.91968  75.68663
107  60.0  0.28559  0.02416 1.85318  0.31757  -38.80000  0.21360  1.46740  0.26352  0.23621    6.67211  1.02819 46.18353  108.92276  76.32871
108  60.0  0.29751  0.02467 1.85093  0.32386  -38.65000  0.21280  1.47588  0.26343  0.23629    6.67640  1.04984 47.23337  109.92564  76.91716
109  60.0  0.30968  0.02518 1.84821  0.33006  -38.50000  0.21200  1.48436  0.26334  0.23635    6.68104  1.07152 48.30489  110.92812  77.45355
110  60.0  0.32211  0.02569 1.84506  0.33617  -38.35000  0.21120  1.49284  0.26324  0.23641    6.68603  1.09321 49.39809  111.93004  77.93943
111  60.0  0.33479  0.02620 1.84363  0.34258  -38.20000  0.21040  1.50212  0.26322  0.23655    6.68709  1.11491 50.51300  112.90722  78.49056
112  60.0  0.34774  0.02671 1.84174  0.34890  -38.05000  0.20960  1.51140  0.26319  0.23668    6.68853  1.13664 51.64964  113.88183  78.99177
113  60.0  0.36094  0.02722 1.83942  0.35513  -37.90000  0.20880  1.52068  0.26316  0.23681    6.69035  1.15840 52.80804  114.85380  79.44440
114  60.0  0.37441  0.02773 1.83671  0.36127  -37.75000  0.20800  1.52996  0.26312  0.23692    6.69254  1.18018 53.98822  115.82307  79.84979
115  60.0  0.38812  0.02824 1.83364  0.36733  -37.60000  0.20720  1.53924  0.26307  0.23704    6.69511  1.20197 55.19019  116.78959  80.20926
116  60.0  0.40209  0.02875 1.83026  0.37330  -37.45000  0.20640  1.54852  0.26301  0.23714    6.69807  1.22377 56.41396  117.75331  80.52414
117  60.0  0.41630  0.02927 1.82659  0.37919  -37.30000  0.20560  1.55780  0.26294  0.23725    6.70140  1.24558 57.65954  118.71420  80.79571
118  60.0  0.43076  0.02978 1.82265  0.38500  -37.15000  0.20480  1.56708  0.26287  0.23734    6.70512  1.26739 58.92693  119.67224  81.02525
119  60.0  0.44547  0.03029 1.81848  0.39073  -37.00000  0.20400  1.57636  0.26279  0.23743    6.70921  1.28920 60.21613  120.62741  81.21404
120  60.0  0.46041  0.03080 1.81410  0.39638  -36.85000  0.20320  1.58564  0.26270  0.23751    6.71369  1.31101 61.52714  121.57973  81.36331
121  60.0  0.47561  0.03132 1.81116  0.40232  -36.70000  0.20240  1.59572  0.26269  0.23767    6.71442  1.33280 62.85994  122.49219  81.57349
122  60.0  0.49107  0.03183 1.80795  0.40818  -36.55000  0.20160  1.60580  0.26266  0.23782    6.71555  1.35461 64.21455  123.40065  81.74365
123  60.0  0.50677  0.03234 1.80449  0.41396  -36.40000  0.20080  1.61588  0.26263  0.23796    6.71710  1.37642 65.59097  124.30516  81.87494
124  60.0  0.52272  0.03285 1.80080  0.41966  -36.25000  0.20000  1.62596  0.26260  0.23810    6.71906  1.39824 66.98921  125.20578  81.96848
125  60.0  0.53891  0.03337 1.79689  0.42528  -36.10000  0.19920  1.63604  0.26255  0.23823    6.72144  1.42005 68.40926  126.10256  82.02539
126  60.0  0.55534  0.03388 1.79280  0.43083  -35.95000  0.19840  1.64612  0.26250  0.23835    6.72423  1.44186 69.85112  126.99557  82.04675
127  60.0  0.57202  0.03439 1.78853  0.43630  -35.80000  0.19760  1.65620  0.26243  0.23847    6.72744  1.46366 71.31478  127.88488  82.03366
128  60.0  0.58893  0.03490 1.78410  0.44170  -35.65000  0.19680  1.66628  0.26236  0.23858    6.73106  1.48545 72.80023  128.77057  81.98718
129  60.0  0.60608  0.03541 1.77952  0.44702  -35.50000  0.19600  1.67636  0.26228  0.23868    6.73510  1.50723 74.30746  129.65272  81.90834
130  60.0  0.62347  0.03593 1.77481  0.45228  -35.35000  0.19520  1.68644  0.26220  0.23878    6.73955  1.52900 75.83646  130.53142  81.79818
131  60.0  0.64110  0.03644 1.77127  0.45780  -35.20000  0.19440  1.69732  0.26218  0.23895    6.74043  1.55075 77.38721  131.36010  81.74162
132  60.0  0.65897  0.03695 1.76755  0.46324  -35.05000  0.19360  1.70820  0.26215  0.23911    6.74175  1.57250 78.95971  132.18473  81.65285
133  60.0  0.67708  0.03746 1.76365  0.46862  -34.90000  0.19280  1.71908  0.26212  0.23927    6.74353  1.59424 80.55396  133.00541  81.53287
134  60.0  0.69543  0.03797 1.75960  0.47391  -34.75000  0.19200  1.72996  0.26208  0.23941    6.74575  1.61598 82.16994  133.82226  81.38266
135  60.0  0.71401  0.03848 1.75540  0.47914  -34.60000  0.19120  1.74084  0.26202  0.23955    6.74842  1.63771 83.80765  134.63539  81.20318
136  60.0  0.73283  0.03899 1.75108  0.48430  -34.45000  0.19040  1.75172  0.26196  0.23968    6.75154  1.65942 85.46707  135.44492  80.99538
137  60.0  0.75188  0.03950 1.74662  0.48938  -34.30000  0.18960  1.76260  0.26189  0.23981    6.75511  1.68112 87.14820  136.25097  80.76020
138  60.0  0.77116  0.04001 1.74206  0.49440  -34.15000  0.18880  1.77348  0.26182  0.23993    6.75913  1.70281 88.85101  137.05366  80.49854
139  60.0  0.79067  0.04052 1.73739  0.49935  -34.00000  0.18800  1.78436  0.26173  0.24004    6.76361  1.72448 90.57548  137.85311  80.21132
140  60.0  0.81041  0.04103 1.73264  0.50423  -33.85000  0.18720  1.79524  0.26163  0.24014    6.76854  1.74613 92.32161  138.64946  79.89940
141  60.0  0.83038  0.04154 1.72881  0.50935  -33.70000  0.18640  1.80692  0.26160  0.24031    6.77007  1.76776 94.08937  139.38909  79.63333
142  60.0  0.85058  0.04204 1.72485  0.51440  -33.55000  0.18560  1.81860  0.26157  0.24047    6.77208  1.78937 95.87874  140.12536  79.34166
143  60.0  0.87101  0.04255 1.72077  0.51938  -33.40000  0.18480  1.83028  0.26152  0.24063    6.77458  1.81098 97.68972  140.85841  79.02527
144  60.0  0.89167  0.04306 1.71657  0.52429  -33.25000  0.18400  1.84196  0.26146  0.24077    6.77756  1.83257 99.52229  141.58838  78.68502
145  60.0  0.91256  0.04357 1.71226  0.52913  -33.10000  0.18320  1.85364  0.26139  0.24091    6.78103  1.85415101.37644  142.31539  78.32176
146  60.0  0.93367  0.04407 1.70785  0.53391  -32.95000  0.18240  1.86532  0.26132  0.24104    6.78499  1.87571103.25216  143.03960  77.93634
147  60.0  0.95501  0.04458 1.70335  0.53862  -32.80000  0.18160  1.87700  0.26123  0.24117    6.78943  1.89725105.14941  143.76115  77.52956
148  60.0  0.97656  0.04508 1.69878  0.54326  -32.65000  0.18080  1.88868  0.26114  0.24128    6.79437  1.91878107.06819  144.48017  77.10223
149  60.0  0.99834  0.04559 1.69412  0.54784  -32.50000  0.18000  1.90036  0.26103  0.24138    6.79980  1.94028109.00846  145.19681  76.65516
150  60.0  1.02033  0.04609 1.68939  0.55236  -32.35000  0.17920  1.91204  0.26092  0.24148    6.80572  1.96175110.97021  145.91121  76.18910
151  60.0  1.04251  0.04660 1.68135  0.55574  -32.11500  0.17898  1.92084  0.26139  0.24207    6.78144  1.98320112.95342  145.72457  75.13122
152  60.0  1.06488  0.04710 1.67340  0.55909  -31.88000  0.17876  1.92963  0.26185  0.24265    6.75738  2.00461114.95803  145.51966  74.06761
153  60.0  1.08744  0.04760 1.66555  0.56239  -31.64500  0.17854  1.93843  0.26231  0.24323    6.73355  2.02597116.98400  145.29675  72.99896
154  60.0  1.11019  0.04810 1.65780  0.56566  -31.41000  0.17832  1.94722  0.26277  0.24382    6.70994  2.04728119.03128  145.05611  71.92595
155  60.0  1.13313  0.04860 1.65013  0.56890  -31.17500  0.17810  1.95602  0.26323  0.24440    6.68656  2.06855121.09983  144.79799  70.84923
156  60.0  1.15625  0.04910 1.64256  0.57210  -30.94000  0.17788  1.96482  0.26369  0.24497    6.66339  2.08977123.18960  144.52265  69.76945
157  60.0  1.17956  0.04960 1.63508  0.57526  -30.70500  0.17766  1.97361  0.26415  0.24555    6.64044  2.11095125.30054  144.23033  68.68723
158  60.0  1.20305  0.05010 1.62768  0.57839  -30.47000  0.17744  1.98241  0.26460  0.24613    6.61771  2.13208127.43262  143.92128  67.60318
159  60.0  1.22673  0.05059 1.62037  0.58149  -30.23500  0.17722  1.99120  0.26505  0.24670    6.59519  2.15316129.58578  143.59574  66.51788
160  60.0  1.25058  0.05109 1.61314  0.58455  -30.00000  0.17700  2.00000  0.26550  0.24727    6.57288  2.17420131.75999  143.25394  65.43191
161  60.0  1.27445  0.05158 1.59850  0.58484  -30.00000  0.17700  2.00000  0.26550  0.24731    6.57288  2.19520133.95519  144.28262  65.46433
162  60.0  1.29833  0.05207 1.58425  0.58512  -30.00000  0.17700  2.00000  0.26550  0.24734    6.57288  2.21601136.17119  145.30424  65.49557
163  60.0  1.32222  0.05255 1.57036  0.58539  -30.00000  0.17700  2.00000  0.26550  0.24737    6.57288  2.23663138.40782  146.31892  65.52569
164  60.0  1.34612  0.05303 1.55683  0.58565  -30.00000  0.17700  2.00000  0.26550  0.24740    6.57288  2.25707140.66489  147.32678  65.55475
165  60.0  1.37003  0.05351 1.54364  0.58590  -30.00000  0.17700  2.00000  0.26550  0.24743    6.57288  2.27733142.94223  148.32792  65.58281
166  60.0  1.39395  0.05398 1.53077  0.58614  -30.00000  0.17700  2.00000  0.26550  0.24746    6.57288  2.29743145.23965  149.32246  65.60992
167  60.0  1.41788  0.05445 1.51821  0.58637  -30.00000  0.17700  2.00000  0.26550  0.24749    6.57288  2.31735147.55700  150.31050  65.63611
168  60.0  1.44182  0.05491 1.50596  0.58660  -30.00000  0.17700  2.00000  0.26550  0.24751    6.57288  2.33711149.89412  151.29215  65.66145
169  60.0  1.46577  0.05537 1.49399  0.58682  -30.00000  0.17700  2.00000  0.26550  0.24754    6.57288  2.35672152.25084  152.26751  65.68597
170  60.0  1.48973  0.05583 1.48230  0.58703  -30.00000  0.17700  2.00000  0.26550  0.24756    6.57288  2.37616154.62700  153.23668  65.70970
171  60.0  1.51369  0.05628 1.47087  0.58724  -30.00000  0.17700  2.00000  0.26550  0.24759    6.57288  2.39546157.02245  154.19978  65.73269
172  60.0  1.53766  0.05673 1.45971  0.58743  -30.00000  0.17700  2.00000  0.26550  0.24761    6.57288  2.41460159.43706  155.15688  65.75497
173  60.0  1.56165  0.05718 1.44879  0.58763  -30.00000  0.17700  2.00000  0.26550  0.24763    6.57288  2.43360161.87066  156.10810  65.77657
174  60.0  1.58563  0.05762 1.43810  0.58781  -30.00000  0.17700  2.00000  0.26550  0.24765    6.57288  2.45246164.32311  157.05352  65.79752
175  60.0  1.60963  0.05806 1.42765  0.58800  -30.00000  0.17700  2.00000  0.26550  0.24768    6.57288  2.47118166.79429  157.99324  65.81785
176  60.0  1.63363  0.05850 1.41742  0.58817  -30.00000  0.17700  2.00000  0.26550  0.24770    6.57288  2.48976169.28405  158.92735  65.83759
177  60.0  1.65765  0.05893 1.40741  0.58834  -30.00000  0.17700  2.00000  0.26550  0.24772    6.57288  2.50820171.79225  159.85593  65.85676
178  60.0  1.68166  0.05936 1.39760  0.58851  -30.00000  0.17700  2.00000  0.26550  0.24774    6.57288  2.52652174.31877  160.77907  65.87539
179  60.0  1.70569  0.05979 1.38799  0.58867  -30.00000  0.17700  2.00000  0.26550  0.24775    6.57288  2.54471176.86348  161.69686  65.89350
180  60.0  1.72972  0.06022 1.37858  0.58883  -30.00000  0.17700  2.00000  0.26550  0.24777    6.57288  2.56277179.42625  162.60938  65.91111
181  60.0  1.75375  0.06064 1.36935  0.58898  -30.00000  0.17700  2.00000  0.26550  0.24779    6.57288  2.58071182.00696  163.51670  65.92824
182  60.0  1.77780  0.06106 1.36030  0.58913  -30.00000  0.17700  2.00000  0.26550  0.24781    6.57288  2.59853184.60550  164.41892  65.94491
183  60.0  1.80184  0.06147 1.35143  0.58928  -30.00000  0.17700  2.00000  0.26550  0.24783    6.57288  2.61623187.22173  165.31610  65.96113
184  60.0  1.82590  0.06188 1.34273  0.58942  -30.00000  0.17700  2.00000  0.26550  0.24784    6.57288  2.63382189.85555  166.20833  65.97694
185  60.0  1.84996  0.06230 1.33419  0.58956  -30.00000  0.17700  2.00000  0.26550  0.24786    6.57288  2.65129192.50684  167.09567  65.99233
186  60.0  1.87402  0.06270 1.32581  0.58969  -30.00000  0.17700  2.00000  0.26550  0.24787    6.57288  2.66865195.17549  167.97820  66.00733
187  60.0  1.89810  0.06311 1.31759  0.58982  -30.00000  0.17700  2.00000  0.26550  0.24789    6.57288  2.68590197.86139  168.85600  66.02196
188  60.0  1.92217  0.06351 1.30952  0.58995  -30.00000  0.17700  2.00000  0.26550  0.24790    6.57288  2.70304200.56443  169.72912  66.03622
189  60.0  1.94625  0.06391 1.30159  0.59007  -30.00000  0.17700  2.00000  0.26550  0.24792    6.57288  2.72008203.28451  170.59764  66.05013
190  60.0  1.97034  0.06431 1.29380  0.59019  -30.00000  0.17700  2.00000  0.26550  0.24793    6.57288  2.73701206.02152  171.46162  66.06370
191  60.0  1.99443  0.06471 1.28615  0.59031  -30.00000  0.17700  2.00000  0.26550  0.24795    6.57288  2.75384208.77536  172.32113  66.07694
192  60.0  2.01853  0.06510 1.27864  0.59043  -30.00000  0.17700  2.00000  0.26550  0.24796    6.57288  2.77057211.54594  173.17623  66.08988
193  60.0  2.04263  0.06549 1.27125  0.59054  -30.00000  0.17700  2.00000  0.26550  0.24797    6.57288  2.78721214.33314  174.02699  66.10250
194  60.0  2.06673  0.06588 1.26399  0.59065  -30.00000  0.17700  2.00000  0.26550  0.24799    6.57288  2.80374217.13688  174.87346  66.11484
195  60.0  2.09084  0.06626 1.25685  0.59076  -30.00000  0.17700  2.00000  0.26550  0.24800    6.57288  2.82018219.95707  175.71571  66.12689
196  60.0  2.11495  0.06665 1.24983  0.59086  -30.00000  0.17700  2.00000  0.26550  0.24801    6.57288  2.83653222.79360  176.55379  66.13867
197  60.0  2.13907  0.06703 1.24292  0.59097  -30.00000  0.17700  2.00000  0.26550  0.24802    6.57288  2.85278225.64638  177.38776  66.15019
198  60.0  2.16319  0.06741 1.23613  0.59107  -30.00000  0.17700  2.00000  0.26550  0.24803    6.57288  2.86895228.51533  178.21768  66.16145
199  60.0  2.18732  0.06779 1.22945  0.59116  -30.00000  0.17700  2.00000  0.26550  0.24805    6.57288  2.88502231.40035  179.04360  66.17246
rfqout 1
