  1   2.779  0.003 0.007 0.020 1.000  0.060  1.420  -90.000  15.300  15.300
  2   2.779  0.006 0.007 0.020 1.000  0.060  2.839  -90.000   5.300   5.300
  3   2.779  0.008 0.007 0.020 1.000  0.060  4.259  -90.000   3.300   3.300
  4   2.779  0.011 0.007 0.020 1.000  0.060  5.679  -90.000   3.286   3.286
  5   2.779  0.014 0.007 0.020 1.000  0.060  7.098  -90.000   3.271   3.271
  6   2.779  0.017 0.007 0.020 1.000  0.060  8.518  -90.000   3.257   3.257
  7   2.779  0.019 0.007 0.020 1.000  0.060  9.938  -90.000   3.243   3.243
  8   2.779  0.022 0.007 0.020 1.000  0.060  11.357  -90.000   3.229   3.229
  9   2.779  0.025 0.007 0.020 1.000  0.060  12.777  -90.000   3.214   3.214
 10   2.779  0.028 0.007 0.020 1.000  0.060  14.196  -90.000   3.200   3.200
 11   2.779  0.031 0.007 0.020 1.000  0.060  15.616  -90.000   3.186   3.186
 12   2.779  0.033 0.007 0.020 1.000  0.060  17.036  -90.000   3.171   3.171
 13   2.779  0.036 0.007 0.020 1.000  0.060  18.455  -90.000   3.157   3.157
 14   2.779  0.039 0.007 0.020 1.000  0.060  19.875  -90.000   3.143   3.143
 15   2.779  0.042 0.007 0.020 1.000  0.060  21.295  -90.000   3.129   3.129
 16   2.779  0.044 0.007 0.020 1.000  0.060  22.714  -90.000   3.114   3.114
 17   2.779  0.047 0.007 0.020 1.000  0.060  24.134  -90.000   3.100   3.100
 18   2.779  0.050 0.007 0.020 1.000  0.060  25.554  -90.000   3.086   3.086
 19   2.779  0.053 0.007 0.020 1.000  0.060  26.973  -90.000   3.071   3.071
 20   2.779  0.056 0.007 0.020 1.000  0.060  28.393  -90.000   3.057   3.057
 21   2.779  0.058 0.007 0.020 1.000  0.060  29.813  -90.000   3.043   3.043
 22   2.779  0.061 0.007 0.020 1.000  0.060  31.232  -90.000   3.029   3.029
 23   2.779  0.064 0.007 0.020 1.000  0.060  32.652  -90.000   3.014   3.014
 24   2.779  0.067 0.007 0.020 1.000  0.060  34.072  -90.000   3.000   3.000
 25   2.779  0.069 0.007 0.020 1.000  0.060  35.491  -90.000   2.986   2.986
 26   2.779  0.072 0.007 0.020 1.000  0.060  36.911  -90.000   2.971   2.971
 27   2.779  0.075 0.007 0.020 1.000  0.060  38.330  -90.000   2.957   2.957
 28   2.779  0.078 0.007 0.020 1.000  0.060  39.750  -90.000   2.943   2.943
 29   2.779  0.081 0.007 0.020 1.000  0.060  41.170  -90.000   2.929   2.929
 30   2.779  0.083 0.007 0.020 1.000  0.060  42.589  -90.000   2.914   2.914
 31   2.779  0.086 0.007 0.020 1.000  0.060  44.009  -90.000   2.900   2.900
 32   2.779  0.089 0.007 0.020 1.007  0.060  45.429  -87.950   2.889   2.909
 33   2.779  0.092 0.007 0.020 1.013  0.060  46.848  -85.900   2.879   2.918
 34   2.779  0.094 0.007 0.020 1.020  0.060  48.268  -83.850   2.869   2.926
 35   2.781  0.097 0.007 0.020 1.027  0.060  49.688  -81.800   2.858   2.935
 36   2.783  0.100 0.007 0.020 1.034  0.060  51.107  -79.750   2.848   2.943
 37   2.786  0.103 0.007 0.020 1.040  0.060  52.527  -77.700   2.837   2.951
 38   2.790  0.106 0.007 0.020 1.047  0.060  53.947  -75.650   2.827   2.960
 39   2.796  0.108 0.007 0.020 1.054  0.060  55.366  -73.600   2.816   2.967
 40   2.805  0.111 0.007 0.021 1.061  0.060  56.786  -71.550   2.806   2.975
 41   2.815  0.114 0.007 0.021 1.067  0.060  58.206  -69.500   2.795   2.983
 42   2.827  0.117 0.007 0.021 1.071  0.060  59.625  -69.000   2.790   2.988
 43   2.841  0.120 0.007 0.021 1.075  0.060  61.045  -68.500   2.785   2.993
 44   2.856  0.123 0.007 0.021 1.078  0.060  62.465  -68.000   2.780   2.998
 45   2.871  0.125 0.007 0.022 1.082  0.060  63.884  -67.500   2.775   3.002
 46   2.889  0.128 0.007 0.022 1.086  0.060  65.304  -67.000   2.770   3.007
 47   2.907  0.131 0.007 0.022 1.089  0.060  66.723  -66.500   2.765   3.012
 48   2.927  0.134 0.007 0.023 1.093  0.060  68.143  -66.000   2.760   3.017
 49   2.948  0.137 0.007 0.023 1.097  0.060  69.563  -65.500   2.755   3.021
 50   2.970  0.140 0.007 0.023 1.100  0.060  70.982  -65.000   2.750   3.026
 51   2.995  0.143 0.007 0.024 1.104  0.060  72.402  -64.500   2.745   3.031
 52   3.020  0.146 0.007 0.024 1.109  0.060  73.822  -64.000   2.740   3.037
 53   3.048  0.149 0.007 0.025 1.113  0.060  75.241  -63.500   2.735   3.044
 54   3.078  0.152 0.007 0.025 1.117  0.060  76.661  -63.000   2.730   3.051
 55   3.109  0.155 0.007 0.026 1.122  0.060  78.081  -62.500   2.725   3.057
 56   3.143  0.158 0.007 0.026 1.126  0.060  79.500  -62.000   2.720   3.064
 57   3.179  0.162 0.007 0.027 1.131  0.060  80.920  -61.500   2.715   3.070
 58   3.218  0.165 0.008 0.027 1.135  0.060  82.340  -61.000   2.710   3.077
 59   3.258  0.168 0.008 0.028 1.140  0.060  83.759  -60.500   2.705   3.083
 60   3.302  0.171 0.008 0.029 1.144  0.060  85.179  -60.000   2.700   3.090
 61   3.348  0.175 0.008 0.030 1.149  0.060  86.599  -59.500   2.695   3.096
 62   3.397  0.178 0.008 0.031 1.154  0.060  88.018  -59.000   2.690   3.105
 63   3.449  0.182 0.008 0.032 1.159  0.060  89.438  -58.500   2.685   3.113
 64   3.504  0.185 0.008 0.033 1.165  0.060  90.857  -58.000   2.680   3.121
 65   3.563  0.189 0.008 0.034 1.170  0.060  92.277  -57.500   2.675   3.130
 66   3.625  0.192 0.009 0.035 1.175  0.060  93.697  -57.000   2.670   3.138
 67   3.690  0.196 0.009 0.037 1.181  0.060  95.116  -56.500   2.665   3.146
 68   3.760  0.200 0.009 0.038 1.186  0.060  96.536  -56.000   2.660   3.154
 69   3.833  0.204 0.009 0.040 1.191  0.060  97.956  -55.500   2.655   3.162
 70   3.911  0.208 0.009 0.041 1.196  0.060  99.375  -55.000   2.650   3.170
 71   3.992  0.211 0.009 0.043 1.202  0.060  100.795  -54.500   2.645   3.178
 72   4.078  0.216 0.010 0.045 1.208  0.060  102.215  -54.000   2.640   3.188
 73   4.168  0.220 0.010 0.047 1.214  0.060  103.634  -53.500   2.635   3.198
 74   4.263  0.224 0.010 0.049 1.220  0.060  105.054  -53.000   2.630   3.208
 75   4.363  0.228 0.010 0.052 1.226  0.060  106.474  -52.500   2.625   3.218
 76   4.467  0.233 0.010 0.054 1.232  0.060  107.893  -52.000   2.620   3.228
 77   4.576  0.237 0.011 0.057 1.238  0.060  109.313  -51.500   2.615   3.238
 78   4.690  0.242 0.011 0.060 1.244  0.060  110.733  -51.000   2.610   3.247
 79   4.809  0.247 0.011 0.063 1.250  0.060  112.152  -50.500   2.605   3.257
 80   4.933  0.252 0.012 0.066 1.256  0.060  113.572  -50.000   2.600   3.267
 81   5.061  0.257 0.012 0.070 1.262  0.060  114.991  -49.500   2.595   3.276
 82   5.194  0.262 0.012 0.074 1.269  0.060  116.411  -48.685   2.563   3.253
 83   5.335  0.267 0.013 0.078 1.276  0.060  117.831  -47.870   2.530   3.229
 84   5.483  0.273 0.013 0.082 1.283  0.060  119.250  -47.055   2.498   3.205
 85   5.638  0.279 0.013 0.087 1.290  0.060  120.670  -46.240   2.466   3.181
 86   5.800  0.284 0.014 0.092 1.297  0.060  122.090  -45.425   2.433   3.156
 87   5.969  0.290 0.014 0.098 1.304  0.060  123.509  -44.610   2.401   3.130
 88   6.145  0.296 0.014 0.104 1.311  0.060  124.929  -43.795   2.369   3.105
 89   6.327  0.303 0.015 0.110 1.317  0.060  126.349  -42.980   2.337   3.078
 90   6.516  0.309 0.015 0.117 1.324  0.060  127.768  -42.165   2.304   3.052
 91   6.710  0.316 0.016 0.124 1.331  0.060  129.188  -41.350   2.272   3.025
 92   6.910  0.323 0.016 0.131 1.339  0.060  130.608  -41.200   2.264   3.031
 93   7.111  0.330 0.017 0.139 1.347  0.060  132.027  -41.050   2.256   3.038
 94   7.315  0.337 0.017 0.147 1.354  0.060  133.447  -40.900   2.248   3.044
 95   7.521  0.345 0.018 0.155 1.362  0.060  134.867  -40.750   2.240   3.051
 96   7.727  0.353 0.018 0.163 1.370  0.060  136.286  -40.600   2.232   3.057
 97   7.936  0.361 0.019 0.172 1.377  0.060  137.706  -40.450   2.224   3.063
 98   8.145  0.369 0.019 0.181 1.385  0.060  139.125  -40.300   2.216   3.069
 99   8.356  0.377 0.020 0.190 1.393  0.060  140.545  -40.150   2.208   3.075
100   8.567  0.386 0.020 0.200 1.400  0.060  141.965  -40.000   2.200   3.081
101   8.779  0.394 0.021 0.209 1.408  0.060  143.384  -39.850   2.192   3.086
102   8.992  0.403 0.021 0.220 1.417  0.060  144.804  -39.700   2.184   3.094
103   9.205  0.413 0.022 0.230 1.425  0.060  146.224  -39.550   2.176   3.101
104   9.420  0.422 0.022 0.241 1.433  0.060  147.643  -39.400   2.168   3.108
105   9.634  0.432 0.023 0.251 1.442  0.060  149.063  -39.250   2.160   3.115
106   9.850  0.441 0.023 0.263 1.450  0.060  150.483  -39.100   2.152   3.121
107  10.066  0.452 0.024 0.274 1.459  0.060  151.902  -38.950   2.144   3.128
108  10.282  0.462 0.024 0.286 1.467  0.060  153.322  -38.800   2.136   3.134
109  10.498  0.472 0.025 0.298 1.476  0.060  154.742  -38.650   2.128   3.141
110  10.715  0.483 0.025 0.310 1.484  0.060  156.161  -38.500   2.120   3.147
111  10.932  0.494 0.026 0.322 1.493  0.060  157.581  -38.350   2.112   3.153
112  11.149  0.505 0.026 0.335 1.502  0.060  159.001  -38.200   2.104   3.160
113  11.366  0.516 0.027 0.348 1.511  0.060  160.420  -38.050   2.096   3.168
114  11.584  0.528 0.027 0.361 1.521  0.060  161.840  -37.900   2.088   3.175
115  11.802  0.540 0.028 0.374 1.530  0.060  163.260  -37.750   2.080   3.182
116  12.020  0.552 0.028 0.388 1.539  0.060  164.679  -37.600   2.072   3.189
117  12.238  0.564 0.029 0.402 1.549  0.060  166.099  -37.450   2.064   3.196
118  12.456  0.577 0.029 0.416 1.558  0.060  167.518  -37.300   2.056   3.203
119  12.674  0.589 0.030 0.431 1.567  0.060  168.938  -37.150   2.048   3.209
120  12.892  0.602 0.030 0.445 1.576  0.060  170.358  -37.000   2.040   3.216
121  13.110  0.615 0.031 0.460 1.586  0.060  171.777  -36.850   2.032   3.222
122  13.328  0.629 0.031 0.476 1.596  0.060  173.197  -36.700   2.024   3.230
123  13.546  0.642 0.032 0.491 1.606  0.060  174.617  -36.550   2.016   3.237
124  13.764  0.656 0.032 0.507 1.616  0.060  176.036  -36.400   2.008   3.245
125  13.982  0.670 0.033 0.523 1.626  0.060  177.456  -36.250   2.000   3.252
126  14.200  0.684 0.033 0.539 1.636  0.060  178.876  -36.100   1.992   3.259
127  14.419  0.699 0.034 0.555 1.646  0.060  180.295  -35.950   1.984   3.266
128  14.637  0.713 0.034 0.572 1.656  0.060  181.715  -35.800   1.976   3.273
129  14.855  0.728 0.035 0.589 1.666  0.060  183.135  -35.650   1.968   3.279
130  15.072  0.743 0.035 0.606 1.676  0.060  184.554  -35.500   1.960   3.286
131  15.290  0.758 0.036 0.623 1.686  0.060  185.974  -35.350   1.952   3.292
132  15.508  0.774 0.036 0.641 1.697  0.060  187.394  -35.200   1.944   3.300
133  15.725  0.790 0.037 0.659 1.708  0.060  188.813  -35.050   1.936   3.307
134  15.942  0.806 0.037 0.677 1.719  0.060  190.233  -34.900   1.928   3.314
135  16.160  0.822 0.038 0.695 1.730  0.060  191.652  -34.750   1.920   3.322
136  16.377  0.838 0.038 0.714 1.741  0.060  193.072  -34.600   1.912   3.328
137  16.594  0.855 0.039 0.733 1.752  0.060  194.492  -34.450   1.904   3.335
138  16.811  0.871 0.040 0.752 1.763  0.060  195.911  -34.300   1.896   3.342
139  17.028  0.889 0.040 0.771 1.773  0.060  197.331  -34.150   1.888   3.348
140  17.245  0.906 0.041 0.791 1.784  0.060  198.751  -34.000   1.880   3.355
141  17.461  0.923 0.041 0.810 1.795  0.060  200.170  -33.850   1.872   3.361
142  17.678  0.941 0.042 0.830 1.807  0.060  201.590  -33.700   1.864   3.368
143  17.894  0.959 0.042 0.851 1.819  0.060  203.010  -33.550   1.856   3.375
144  18.110  0.977 0.043 0.871 1.830  0.060  204.429  -33.400   1.848   3.382
145  18.326  0.995 0.043 0.892 1.842  0.060  205.849  -33.250   1.840   3.389
146  18.542  1.014 0.044 0.913 1.854  0.060  207.269  -33.100   1.832   3.396
147  18.757  1.033 0.044 0.934 1.865  0.060  208.688  -32.950   1.824   3.402
148  18.973  1.051 0.045 0.955 1.877  0.060  210.108  -32.800   1.816   3.409
149  19.188  1.071 0.045 0.977 1.889  0.060  211.528  -32.650   1.808   3.415
150  19.403  1.090 0.046 0.998 1.900  0.060  212.947  -32.500   1.800   3.421
151  19.618  1.110 0.046 1.020 1.912  0.060  214.367  -32.350   1.792   3.426
152  19.832  1.130 0.047 1.043 1.921  0.060  215.786  -32.115   1.790   3.438
153  20.046  1.150 0.047 1.065 1.930  0.060  217.206  -31.880   1.788   3.449
154  20.260  1.170 0.048 1.087 1.938  0.060  218.626  -31.645   1.785   3.461
155  20.473  1.190 0.048 1.110 1.947  0.060  220.045  -31.410   1.783   3.472
156  20.685  1.211 0.049 1.133 1.956  0.060  221.465  -31.175   1.781   3.484
157  20.898  1.232 0.049 1.156 1.965  0.060  222.885  -30.940   1.779   3.495
158  21.109  1.253 0.050 1.180 1.974  0.060  224.304  -30.705   1.777   3.506
159  21.321  1.274 0.050 1.203 1.982  0.060  225.724  -30.470   1.774   3.518
160  21.532  1.296 0.051 1.227 1.991  0.060  227.144  -30.235   1.772   3.529
161  21.742  1.318 0.051 1.251 2.000  0.060  228.563  -30.000   1.770   3.540
162  21.952  1.340 0.052 1.274 2.000  0.060  229.983  -30.000   1.770   3.540
163  22.160  1.362 0.052 1.298 2.000  0.060  231.403  -30.000   1.770   3.540
164  22.366  1.384 0.053 1.322 2.000  0.060  232.822  -30.000   1.770   3.540
165  22.571  1.407 0.053 1.346 2.000  0.060  234.242  -30.000   1.770   3.540
166  22.773  1.429 0.054 1.370 2.000  0.060  235.662  -30.000   1.770   3.540
167  22.974  1.452 0.054 1.394 2.000  0.060  237.081  -30.000   1.770   3.540
168  23.174  1.476 0.054 1.418 2.000  0.060  238.501  -30.000   1.770   3.540
169  23.371  1.499 0.055 1.442 2.000  0.060  239.920  -30.000   1.770   3.540
170  23.567  1.523 0.055 1.466 2.000  0.060  241.340  -30.000   1.770   3.540
171  23.762  1.546 0.056 1.490 2.000  0.060  242.760  -30.000   1.770   3.540
172  23.955  1.570 0.056 1.514 2.000  0.060  244.179  -30.000   1.770   3.540
173  24.146  1.594 0.057 1.538 2.000  0.060  245.599  -30.000   1.770   3.540
174  24.336  1.619 0.057 1.562 2.000  0.060  247.019  -30.000   1.770   3.540
175  24.525  1.643 0.058 1.586 2.000  0.060  248.438  -30.000   1.770   3.540
176  24.712  1.668 0.058 1.610 2.000  0.060  249.858  -30.000   1.770   3.540
177  24.898  1.693 0.058 1.634 2.000  0.060  251.278  -30.000   1.770   3.540
178  25.082  1.718 0.059 1.658 2.000  0.060  252.697  -30.000   1.770   3.540
179  25.265  1.743 0.059 1.682 2.000  0.060  254.117  -30.000   1.770   3.540
180  25.447  1.769 0.060 1.706 2.000  0.060  255.537  -30.000   1.770   3.540
181  25.628  1.794 0.060 1.730 2.000  0.060  256.956  -30.000   1.770   3.540
182  25.807  1.820 0.061 1.754 2.000  0.060  258.376  -30.000   1.770   3.540
183  25.985  1.846 0.061 1.778 2.000  0.060  259.796  -30.000   1.770   3.540
184  26.162  1.872 0.061 1.802 2.000  0.060  261.215  -30.000   1.770   3.540
185  26.338  1.899 0.062 1.826 2.000  0.060  262.635  -30.000   1.770   3.540
186  26.513  1.925 0.062 1.850 2.000  0.060  264.055  -30.000   1.770   3.540
187  26.686  1.952 0.063 1.874 2.000  0.060  265.474  -30.000   1.770   3.540
188  26.859  1.979 0.063 1.898 2.000  0.060  266.894  -30.000   1.770   3.540
189  27.030  2.006 0.064 1.922 2.000  0.060  268.313  -30.000   1.770   3.540
190  27.201  2.033 0.064 1.946 2.000  0.060  269.733  -30.000   1.770   3.540
191  27.370  2.060 0.064 1.970 2.000  0.060  271.153  -30.000   1.770   3.540
192  27.538  2.088 0.065 1.994 2.000  0.060  272.572  -30.000   1.770   3.540
193  27.706  2.115 0.065 2.019 2.000  0.060  273.992  -30.000   1.770   3.540
194  27.872  2.143 0.065 2.043 2.000  0.060  275.412  -30.000   1.770   3.540
195  28.037  2.171 0.066 2.067 2.000  0.060  276.831  -30.000   1.770   3.540
196  28.202  2.200 0.066 2.091 2.000  0.060  278.251  -30.000   1.770   3.540
197  28.365  2.228 0.067 2.115 2.000  0.060  279.671  -30.000   1.770   3.540
198  28.528  2.256 0.067 2.139 2.000  0.060  281.090  -30.000   1.770   3.540
199  28.689  2.285 0.067 2.163 2.000  0.060  282.510  -30.000   1.770   3.540
200  28.850  2.314 0.068 2.187 2.000  0.060  283.930  -30.000   1.770   3.540
